<?xml version="1.0" encoding="UTF-8"?>
<testsuite xmlns:xsi="http://www.w3.org/2001/XMLSchema-instance" xsi:noNamespaceSchemaLocation="https://maven.apache.org/surefire/maven-surefire-plugin/xsd/surefire-test-report.xsd" name="org.springframework.samples.petclinic.service.OwnerServiceTests" time="129.742" tests="4" errors="0" skipped="0" failures="0">
  <properties>
[...]
</properties>
  <testcase name="shouldFindOwnersByLastName" classname="org.springframework.samples.petclinic.service.OwnerServiceTests" time="7.645"/>
  <testcase name="shouldUpdateOwner" classname="org.springframework.samples.petclinic.service.OwnerServiceTests" time="4.586"/>
  <testcase name="shouldInsertOwner" classname="org.springframework.samples.petclinic.service.OwnerServiceTests" time="2.919"/>
  <testcase name="shouldFindSingleOwnerWithPet" classname="org.springframework.samples.petclinic.service.OwnerServiceTests" time="4.103"/>
</testsuite>